/*C2*/SET SCHEMA PUBLIC
DISCONNECT
/*C3*/SET SCHEMA PUBLIC
DISCONNECT
/*C4*/SET SCHEMA PUBLIC
DISCONNECT
/*C6*/SET SCHEMA PUBLIC
DISCONNECT
/*C7*/SET SCHEMA PUBLIC
DISCONNECT
/*C8*/SET SCHEMA PUBLIC
DISCONNECT
/*C9*/SET SCHEMA PUBLIC
DELETE FROM STOCKITEM WHERE ID=3
INSERT INTO STOCKITEM VALUES(3,'DUNKLES EXTRA',7.90000000000000000000000000000000,85,NULL)
COMMIT
DISCONNECT
/*C10*/SET SCHEMA PUBLIC
DELETE FROM STOCKITEM WHERE ID=1
INSERT INTO STOCKITEM VALUES(1,'PILSNER GOLD',5.40000000000000000000000000000000,8,' ')
COMMIT
DELETE FROM STOCKITEM WHERE ID=1
INSERT INTO STOCKITEM VALUES(1,'PILSNER GOLD',5.40000000000000000000000000000000,7,' ')
COMMIT
DISCONNECT
/*C11*/SET SCHEMA PUBLIC
DISCONNECT
/*C12*/SET SCHEMA PUBLIC
DELETE FROM STOCKITEM WHERE ID=1
INSERT INTO STOCKITEM VALUES(1,'PILSNER GOLD',5.40000000000000000000000000000000,6,' ')
COMMIT
DISCONNECT
/*C13*/SET SCHEMA PUBLIC
DELETE FROM STOCKITEM WHERE ID=1
INSERT INTO STOCKITEM VALUES(1,'PILSNER GOLD',5.40000000000000000000000000000000,5,' ')
COMMIT
DISCONNECT
/*C14*/SET SCHEMA PUBLIC
DELETE FROM STOCKITEM WHERE ID=1
INSERT INTO STOCKITEM VALUES(1,'PILSNER GOLD',5.40000000000000000000000000000000,4,' ')
COMMIT
DELETE FROM SOLDITEM WHERE ID=1
INSERT INTO SOLDITEM VALUES(1,NULL,1,'PILSNER GOLD',1,5.40000000000000000000000000000000)
COMMIT
/*C15*/SET SCHEMA PUBLIC
DELETE FROM STOCKITEM WHERE ID=1
INSERT INTO STOCKITEM VALUES(1,'PILSNER GOLD',5.40000000000000000000000000000000,3,' ')
COMMIT
INSERT INTO SOLDITEM VALUES(42,NULL,1,'PILSNER GOLD',1,5.40000000000000000000000000000000)
COMMIT
/*C14*/DISCONNECT
/*C15*/DISCONNECT
/*C17*/SET SCHEMA PUBLIC
DELETE FROM STOCKITEM WHERE ID=1
INSERT INTO STOCKITEM VALUES(1,'PILSNER GOLD',5.40000000000000000000000000000000,2,' ')
COMMIT
INSERT INTO SOLDITEM VALUES(43,NULL,1,'PILSNER GOLD',1,5.40000000000000000000000000000000)
COMMIT
DISCONNECT
/*C19*/SET SCHEMA PUBLIC
DELETE FROM STOCKITEM WHERE ID=1
INSERT INTO STOCKITEM VALUES(1,'PILSNER GOLD',5.40000000000000000000000000000000,1,' ')
COMMIT
INSERT INTO SOLDITEM VALUES(44,5,1,'PILSNER GOLD',1,5.40000000000000000000000000000000)
COMMIT
/*C18*/SET SCHEMA PUBLIC
DISCONNECT
/*C19*/DISCONNECT
/*C20*/SET SCHEMA PUBLIC
DELETE FROM STOCKITEM WHERE ID=2
INSERT INTO STOCKITEM VALUES(2,'M\u00c3\u0084RZEN SPEZIEL',4.30000000000000000000000000000000,109,NULL)
COMMIT
INSERT INTO SOLDITEM VALUES(45,5,2,'M\u00c3\u0084RZEN SPEZIEL',1,4.30000000000000000000000000000000)
COMMIT
DISCONNECT
/*C21*/SET SCHEMA PUBLIC
DELETE FROM STOCKITEM WHERE ID=1
INSERT INTO STOCKITEM VALUES(1,'PILSNER GOLD',5.40000000000000000000000000000000,0,' ')
COMMIT
INSERT INTO SOLDITEM VALUES(46,5,1,'PILSNER GOLD',1,5.40000000000000000000000000000000)
COMMIT
DISCONNECT
/*C22*/SET SCHEMA PUBLIC
DISCONNECT
/*C23*/SET SCHEMA PUBLIC
DELETE FROM STOCKITEM WHERE ID=3
INSERT INTO STOCKITEM VALUES(3,'DUNKLES EXTRA',7.90000000000000000000000000000000,84,NULL)
COMMIT
INSERT INTO SOLDITEM VALUES(47,5,3,'DUNKLES EXTRA',1,7.90000000000000000000000000000000)
COMMIT
DISCONNECT
/*C5*/SET SCHEMA PUBLIC
DISCONNECT
