/*C9*/SET SCHEMA PUBLIC
CONNECT USER SA
SET AUTOCOMMIT FALSE
/*C10*/SET SCHEMA PUBLIC
CONNECT USER SA
SET AUTOCOMMIT FALSE
/*C11*/SET SCHEMA PUBLIC
CONNECT USER SA
SET AUTOCOMMIT FALSE
/*C12*/SET SCHEMA PUBLIC
CONNECT USER SA
SET AUTOCOMMIT FALSE
/*C13*/SET SCHEMA PUBLIC
CONNECT USER SA
SET AUTOCOMMIT FALSE
INSERT INTO SALE VALUES(14,'2013-11-22 15:14:11.162000000',1)
INSERT INTO SOLDITEM VALUES(19,14,3,'P\u00e4hklid',10,10.0)
DELETE FROM STOCKITEM WHERE ID=3
INSERT INTO STOCKITEM VALUES(3,'P\u00e4hklid',10.0,50,NULL)
COMMIT
DISCONNECT
